[2022-09-05T09:12:39.295] [DEBUG] cheese - login => username:admin,password:111111
[2022-09-05T09:12:39.301] [DEBUG] cheese - admin
[2022-09-05T09:12:39.325] [DEBUG] cheese - null
[2022-09-05T09:12:39.327] [DEBUG] cheese - null
[2022-09-05T09:13:09.433] [DEBUG] cheese - login => username:admin,password:123456
[2022-09-05T09:13:09.433] [DEBUG] cheese - admin
[2022-09-05T09:13:09.439] [DEBUG] cheese - null
[2022-09-05T09:13:09.439] [DEBUG] cheese - null
[2022-09-05T11:39:44.663] [DEBUG] cheese - login => username:admin,password:123456
[2022-09-05T11:39:44.666] [DEBUG] cheese - admin
[2022-09-05T11:39:44.682] [DEBUG] cheese - null
[2022-09-05T11:39:44.683] [DEBUG] cheese - null
[2022-09-05T11:41:58.093] [DEBUG] cheese - login => username:admin,password:123456
[2022-09-05T11:41:58.094] [DEBUG] cheese - admin
[2022-09-05T11:41:58.102] [DEBUG] cheese - null
[2022-09-05T11:41:58.102] [DEBUG] cheese - null
[2022-09-05T11:42:04.708] [DEBUG] cheese - login => username:adminok,password:123456
[2022-09-05T11:42:04.709] [DEBUG] cheese - adminok
[2022-09-05T11:42:04.712] [DEBUG] cheese - null
[2022-09-05T11:42:04.712] [DEBUG] cheese - null
[2022-09-05T11:45:24.217] [DEBUG] cheese - login => username:adminok,password:123456
[2022-09-05T11:45:24.217] [DEBUG] cheese - adminok
[2022-09-05T11:45:24.222] [DEBUG] cheese - null
[2022-09-05T11:45:24.222] [DEBUG] cheese - null
[2022-09-05T11:45:37.979] [DEBUG] cheese - login => username:admin,password:123456
[2022-09-05T11:45:37.979] [DEBUG] cheese - admin
[2022-09-05T11:45:37.982] [DEBUG] cheese - null
[2022-09-05T11:45:37.982] [DEBUG] cheese - null
[2022-09-05T12:01:24.128] [DEBUG] cheese - login => username:admin,password:123456
[2022-09-05T12:01:24.128] [DEBUG] cheese - admin
[2022-09-05T12:01:24.133] [DEBUG] cheese - null
[2022-09-05T12:01:24.133] [DEBUG] cheese - null
[2022-09-05T13:59:42.120] [DEBUG] cheese - login => username:adminok,password:123456
[2022-09-05T13:59:42.121] [DEBUG] cheese - adminok
[2022-09-05T13:59:42.132] [DEBUG] cheese - null
[2022-09-05T13:59:42.132] [DEBUG] cheese - null
[2022-09-05T14:00:05.182] [DEBUG] cheese - login => username:admin,password:123456
[2022-09-05T14:00:05.183] [DEBUG] cheese - admin
[2022-09-05T14:00:05.187] [DEBUG] cheese - null
[2022-09-05T14:00:05.187] [DEBUG] cheese - null
[2022-09-05T14:02:32.833] [DEBUG] cheese - login => username:adminok,password:123456
[2022-09-05T14:02:32.834] [DEBUG] cheese - adminok
[2022-09-05T14:02:32.842] [DEBUG] cheese - null
[2022-09-05T14:02:32.842] [DEBUG] cheese - null
[2022-09-05T14:02:52.798] [DEBUG] cheese - login => username:admin,password:1111111
[2022-09-05T14:02:52.798] [DEBUG] cheese - admin
[2022-09-05T14:02:52.805] [DEBUG] cheese - null
[2022-09-05T14:02:52.805] [DEBUG] cheese - null
[2022-09-05T14:03:04.965] [DEBUG] cheese - login => username:admin,password:123456
[2022-09-05T14:03:04.965] [DEBUG] cheese - admin
[2022-09-05T14:03:04.970] [DEBUG] cheese - null
[2022-09-05T14:03:04.970] [DEBUG] cheese - null
[2022-09-05T14:17:10.158] [DEBUG] cheese - login => username:admin,password:123456
[2022-09-05T14:17:10.159] [DEBUG] cheese - admin
[2022-09-05T14:17:10.165] [DEBUG] cheese - null
[2022-09-05T14:17:10.165] [DEBUG] cheese - null
[2022-09-05T14:17:57.726] [DEBUG] cheese - login => username:admin,password:123456
[2022-09-05T14:17:57.726] [DEBUG] cheese - admin
[2022-09-05T14:17:57.731] [DEBUG] cheese - null
[2022-09-05T14:17:57.731] [DEBUG] cheese - null
[2022-09-05T14:36:39.162] [DEBUG] cheese - login => username:admin,password:123456
[2022-09-05T14:36:39.163] [DEBUG] cheese - admin
[2022-09-05T14:36:39.166] [DEBUG] cheese - null
[2022-09-05T14:36:39.167] [DEBUG] cheese - null
[2022-09-05T16:24:02.607] [DEBUG] cheese - login => username:admin,password:123456
[2022-09-05T16:24:02.609] [DEBUG] cheese - admin
[2022-09-05T16:24:02.636] [DEBUG] cheese - null
[2022-09-05T16:24:02.636] [DEBUG] cheese - null
[2022-09-05T17:09:35.483] [DEBUG] cheese - login => username:admin,password:123456
[2022-09-05T17:09:35.484] [DEBUG] cheese - admin
[2022-09-05T17:09:35.489] [DEBUG] cheese - null
[2022-09-05T17:09:35.489] [DEBUG] cheese - null
[2022-09-06T08:38:53.491] [DEBUG] cheese - login => username:admin,password:123456
[2022-09-06T08:38:53.492] [DEBUG] cheese - admin
[2022-09-06T08:38:53.510] [DEBUG] cheese - null
[2022-09-06T08:38:53.510] [DEBUG] cheese - null
[2022-09-06T10:07:08.193] [DEBUG] cheese - login => username:admin,password:123456
[2022-09-06T10:07:08.194] [DEBUG] cheese - admin
[2022-09-06T10:07:08.200] [DEBUG] cheese - null
[2022-09-06T10:07:08.200] [DEBUG] cheese - null
[2022-09-06T11:08:56.305] [DEBUG] cheese - login => username:admin,password:123456
[2022-09-06T11:08:56.306] [DEBUG] cheese - admin
[2022-09-06T11:08:56.315] [DEBUG] cheese - null
[2022-09-06T11:08:56.316] [DEBUG] cheese - null
